0 info it worked if it ends with ok
1 verbose cli [ '/usr/bin/node', '/usr/bin/npm', 'run', 'e2e' ]
2 info using npm@3.10.10
3 info using node@v6.10.3
4 verbose run-script [ 'pree2e', 'e2e', 'poste2e' ]
5 info lifecycle log4420-a17@1.0.0~pree2e: log4420-a17@1.0.0
6 silly lifecycle log4420-a17@1.0.0~pree2e: no script for pree2e, continuing
7 info lifecycle log4420-a17@1.0.0~e2e: log4420-a17@1.0.0
8 verbose lifecycle log4420-a17@1.0.0~e2e: unsafe-perm in lifecycle true
9 verbose lifecycle log4420-a17@1.0.0~e2e: PATH: /usr/lib/node_modules/npm/bin/node-gyp-bin:/usagers/abkouc/Bureau/Log4420/Conception-des-sites-web-dynamiques/Tp3/node_modules/.bin:/usr/local/cours/INF2610/lttng/bin:/usr/local/cours/HACK/idea-IC-171.4249.39/bin:/usr/lib64/qt-3.3/bin:/usr/lib64/mpich/bin:/opt/cuda-8.0/bin:/usr/local/bin:/usr/bin:/bin:/usr/local/sbin:/usr/sbin:/opt/java/jdk8.x86_64/bin:/opt/MATLAB/R2017a/bin:/opt/pycharm-edu-3.0/bin:/usr/local/CPNTools/bin:/usr/local/openclcc/bin:/usr/local/cours/inf1995/bin:/usr/local/cours/INF6101/bin:/usr/local/cours/INF6410/bin:/usr/local/cours/INF6603/bin:/usr/local/cours/inf6802/bin:/usr/local/cours/JohnMullins/bin:/usr/local/cours/LOG1000/bin:/usr/local/cours/LOG4420/bin:/usr/local/cours/INF2610/workload-kit-0.1.16/bin:/usr/local/cours/INF2610/lttv/bin:/usr/local/cours/INF2610/trace-compass:/usr/local/cours/INF6603/CPAchecker-1.3.4-unix/scripts:/usr/local/cours/INF6603/llbmc-2013.1-Linux_64/bin:/usr/local/cours/INF6603/uppaal64-4.1.19:/usr/local/cours/INF6603/uppaal-tiga-0.18:/usr/local/cours/LOG1000/pmccabe/usr/bin:/usr/local/cours/LOG6605/prism-4.3-linux64/bin
10 verbose lifecycle log4420-a17@1.0.0~e2e: CWD: /usagers/abkouc/Bureau/Log4420/Conception-des-sites-web-dynamiques/Tp3
11 silly lifecycle log4420-a17@1.0.0~e2e: Args: [ '-c', 'nightwatch --config ./tests/nightwatch.json' ]
12 silly lifecycle log4420-a17@1.0.0~e2e: Returned: code: 1  signal: null
13 info lifecycle log4420-a17@1.0.0~e2e: Failed to exec e2e script
14 verbose stack Error: log4420-a17@1.0.0 e2e: `nightwatch --config ./tests/nightwatch.json`
14 verbose stack Exit status 1
14 verbose stack     at EventEmitter.<anonymous> (/usr/lib/node_modules/npm/lib/utils/lifecycle.js:255:16)
14 verbose stack     at emitTwo (events.js:106:13)
14 verbose stack     at EventEmitter.emit (events.js:191:7)
14 verbose stack     at ChildProcess.<anonymous> (/usr/lib/node_modules/npm/lib/utils/spawn.js:40:14)
14 verbose stack     at emitTwo (events.js:106:13)
14 verbose stack     at ChildProcess.emit (events.js:191:7)
14 verbose stack     at maybeClose (internal/child_process.js:886:16)
14 verbose stack     at Process.ChildProcess._handle.onexit (internal/child_process.js:226:5)
15 verbose pkgid log4420-a17@1.0.0
16 verbose cwd /usagers/abkouc/Bureau/Log4420/Conception-des-sites-web-dynamiques/Tp3
17 error Linux 4.11.6-201.fc25.x86_64
18 error argv "/usr/bin/node" "/usr/bin/npm" "run" "e2e"
19 error node v6.10.3
20 error npm  v3.10.10
21 error code ELIFECYCLE
22 error log4420-a17@1.0.0 e2e: `nightwatch --config ./tests/nightwatch.json`
22 error Exit status 1
23 error Failed at the log4420-a17@1.0.0 e2e script 'nightwatch --config ./tests/nightwatch.json'.
23 error Make sure you have the latest version of node.js and npm installed.
23 error If you do, this is most likely a problem with the log4420-a17 package,
23 error not with npm itself.
23 error Tell the author that this fails on your system:
23 error     nightwatch --config ./tests/nightwatch.json
23 error You can get information on how to open an issue for this project with:
23 error     npm bugs log4420-a17
23 error Or if that isn't available, you can get their info via:
23 error     npm owner ls log4420-a17
23 error There is likely additional logging output above.
24 verbose exit [ 1, true ]
